mai 20, 2026 10:06:47 PM org.apache.catalina.core.ApplicationContext log
INFOS: org.apache.webapp.balancer.BalancerFilter: init(): ruleChain: [org.apache.webapp.balancer.RuleChain: [org.apache.webapp.balancer.rules.URLStringMatchRule: Target string: News / Redirect URL: http://www.cnn.com], [org.apache.webapp.balancer.rules.RequestParameterRule: Target param name: paramName / Target param value: paramValue / Redirect URL: http://www.yahoo.com], [org.apache.webapp.balancer.rules.AcceptEverythingRule: Redirect URL: http://jakarta.apache.org]]
mai 20, 2026 10:06:47 PM org.apache.catalina.core.ApplicationContext log
INFOS: ContextListener: contextInitialized()
mai 20, 2026 10:06:47 PM org.apache.catalina.core.ApplicationContext log
INFOS: SessionListener: contextInitialized()
mai 20, 2026 10:06:47 PM org.apache.catalina.core.ApplicationContext log
INFOS: ContextListener: contextInitialized()
mai 20, 2026 10:06:47 PM org.apache.catalina.core.ApplicationContext log
INFOS: SessionListener: contextInitialized()
mai 20, 2026 10:09:00 PM org.apache.catalina.core.ApplicationContext log
INFOS: SessionListener: contextDestroyed()
mai 20, 2026 10:09:00 PM org.apache.catalina.core.ApplicationContext log
INFOS: ContextListener: contextDestroyed()
mai 20, 2026 10:09:00 PM org.apache.catalina.core.ApplicationContext log
INFOS: SessionListener: contextDestroyed()
mai 20, 2026 10:09:00 PM org.apache.catalina.core.ApplicationContext log
INFOS: ContextListener: contextDestroyed()
mai 20, 2026 10:09:40 PM org.apache.catalina.core.ApplicationContext log
INFOS: org.apache.webapp.balancer.BalancerFilter: init(): ruleChain: [org.apache.webapp.balancer.RuleChain: [org.apache.webapp.balancer.rules.URLStringMatchRule: Target string: News / Redirect URL: http://www.cnn.com], [org.apache.webapp.balancer.rules.RequestParameterRule: Target param name: paramName / Target param value: paramValue / Redirect URL: http://www.yahoo.com], [org.apache.webapp.balancer.rules.AcceptEverythingRule: Redirect URL: http://jakarta.apache.org]]
mai 20, 2026 10:09:40 PM org.apache.catalina.core.ApplicationContext log
INFOS: ContextListener: contextInitialized()
mai 20, 2026 10:09:40 PM org.apache.catalina.core.ApplicationContext log
INFOS: SessionListener: contextInitialized()
mai 20, 2026 10:09:41 PM org.apache.catalina.core.ApplicationContext log
INFOS: ContextListener: contextInitialized()
mai 20, 2026 10:09:41 PM org.apache.catalina.core.ApplicationContext log
INFOS: SessionListener: contextInitialized()
mai 20, 2026 10:13:04 PM org.apache.catalina.core.ApplicationContext log
INFOS: SessionListener: contextDestroyed()
mai 20, 2026 10:13:04 PM org.apache.catalina.core.ApplicationContext log
INFOS: ContextListener: contextDestroyed()
mai 20, 2026 10:13:04 PM org.apache.catalina.core.ApplicationContext log
INFOS: SessionListener: contextDestroyed()
mai 20, 2026 10:13:04 PM org.apache.catalina.core.ApplicationContext log
INFOS: ContextListener: contextDestroyed()
mai 20, 2026 10:13:09 PM org.apache.catalina.core.ApplicationContext log
INFOS: org.apache.webapp.balancer.BalancerFilter: init(): ruleChain: [org.apache.webapp.balancer.RuleChain: [org.apache.webapp.balancer.rules.URLStringMatchRule: Target string: News / Redirect URL: http://www.cnn.com], [org.apache.webapp.balancer.rules.RequestParameterRule: Target param name: paramName / Target param value: paramValue / Redirect URL: http://www.yahoo.com], [org.apache.webapp.balancer.rules.AcceptEverythingRule: Redirect URL: http://jakarta.apache.org]]
mai 20, 2026 10:13:09 PM org.apache.catalina.core.ApplicationContext log
INFOS: ContextListener: contextInitialized()
mai 20, 2026 10:13:09 PM org.apache.catalina.core.ApplicationContext log
INFOS: SessionListener: contextInitialized()
mai 20, 2026 10:13:09 PM org.apache.catalina.core.ApplicationContext log
INFOS: ContextListener: contextInitialized()
mai 20, 2026 10:13:09 PM org.apache.catalina.core.ApplicationContext log
INFOS: SessionListener: contextInitialized()
mai 20, 2026 10:16:32 PM org.apache.catalina.core.ApplicationContext log
INFOS: SessionListener: contextDestroyed()
mai 20, 2026 10:16:32 PM org.apache.catalina.core.ApplicationContext log
INFOS: ContextListener: contextDestroyed()
mai 20, 2026 10:16:32 PM org.apache.catalina.core.ApplicationContext log
INFOS: SessionListener: contextDestroyed()
mai 20, 2026 10:16:32 PM org.apache.catalina.core.ApplicationContext log
INFOS: ContextListener: contextDestroyed()
mai 20, 2026 10:16:34 PM org.apache.catalina.core.ApplicationContext log
INFOS: org.apache.webapp.balancer.BalancerFilter: init(): ruleChain: [org.apache.webapp.balancer.RuleChain: [org.apache.webapp.balancer.rules.URLStringMatchRule: Target string: News / Redirect URL: http://www.cnn.com], [org.apache.webapp.balancer.rules.RequestParameterRule: Target param name: paramName / Target param value: paramValue / Redirect URL: http://www.yahoo.com], [org.apache.webapp.balancer.rules.AcceptEverythingRule: Redirect URL: http://jakarta.apache.org]]
mai 20, 2026 10:16:34 PM org.apache.catalina.core.ApplicationContext log
INFOS: ContextListener: contextInitialized()
mai 20, 2026 10:16:34 PM org.apache.catalina.core.ApplicationContext log
INFOS: SessionListener: contextInitialized()
mai 20, 2026 10:16:34 PM org.apache.catalina.core.ApplicationContext log
INFOS: ContextListener: contextInitialized()
mai 20, 2026 10:16:34 PM org.apache.catalina.core.ApplicationContext log
INFOS: SessionListener: contextInitialized()
mai 20, 2026 10:20:12 PM org.apache.catalina.core.ApplicationContext log
INFOS: SessionListener: contextDestroyed()
mai 20, 2026 10:20:12 PM org.apache.catalina.core.ApplicationContext log
INFOS: ContextListener: contextDestroyed()
mai 20, 2026 10:20:12 PM org.apache.catalina.core.ApplicationContext log
INFOS: SessionListener: contextDestroyed()
mai 20, 2026 10:20:12 PM org.apache.catalina.core.ApplicationContext log
INFOS: ContextListener: contextDestroyed()
mai 20, 2026 10:20:16 PM org.apache.catalina.core.ApplicationContext log
INFOS: org.apache.webapp.balancer.BalancerFilter: init(): ruleChain: [org.apache.webapp.balancer.RuleChain: [org.apache.webapp.balancer.rules.URLStringMatchRule: Target string: News / Redirect URL: http://www.cnn.com], [org.apache.webapp.balancer.rules.RequestParameterRule: Target param name: paramName / Target param value: paramValue / Redirect URL: http://www.yahoo.com], [org.apache.webapp.balancer.rules.AcceptEverythingRule: Redirect URL: http://jakarta.apache.org]]
mai 20, 2026 10:20:16 PM org.apache.catalina.core.ApplicationContext log
INFOS: ContextListener: contextInitialized()
mai 20, 2026 10:20:16 PM org.apache.catalina.core.ApplicationContext log
INFOS: SessionListener: contextInitialized()
mai 20, 2026 10:20:17 PM org.apache.catalina.core.ApplicationContext log
INFOS: ContextListener: contextInitialized()
mai 20, 2026 10:20:17 PM org.apache.catalina.core.ApplicationContext log
INFOS: SessionListener: contextInitialized()
mai 20, 2026 10:22:45 PM org.apache.catalina.core.ApplicationContext log
INFOS: SessionListener: contextDestroyed()
mai 20, 2026 10:22:45 PM org.apache.catalina.core.ApplicationContext log
INFOS: ContextListener: contextDestroyed()
mai 20, 2026 10:22:45 PM org.apache.catalina.core.ApplicationContext log
INFOS: SessionListener: contextDestroyed()
mai 20, 2026 10:22:45 PM org.apache.catalina.core.ApplicationContext log
INFOS: ContextListener: contextDestroyed()
mai 20, 2026 10:22:46 PM org.apache.catalina.core.ApplicationContext log
INFOS: org.apache.webapp.balancer.BalancerFilter: init(): ruleChain: [org.apache.webapp.balancer.RuleChain: [org.apache.webapp.balancer.rules.URLStringMatchRule: Target string: News / Redirect URL: http://www.cnn.com], [org.apache.webapp.balancer.rules.RequestParameterRule: Target param name: paramName / Target param value: paramValue / Redirect URL: http://www.yahoo.com], [org.apache.webapp.balancer.rules.AcceptEverythingRule: Redirect URL: http://jakarta.apache.org]]
mai 20, 2026 10:22:47 PM org.apache.catalina.core.ApplicationContext log
INFOS: ContextListener: contextInitialized()
mai 20, 2026 10:22:47 PM org.apache.catalina.core.ApplicationContext log
INFOS: SessionListener: contextInitialized()
mai 20, 2026 10:22:47 PM org.apache.catalina.core.ApplicationContext log
INFOS: ContextListener: contextInitialized()
mai 20, 2026 10:22:47 PM org.apache.catalina.core.ApplicationContext log
INFOS: SessionListener: contextInitialized()
mai 20, 2026 10:27:04 PM org.apache.catalina.core.ApplicationContext log
INFOS: SessionListener: contextDestroyed()
mai 20, 2026 10:27:04 PM org.apache.catalina.core.ApplicationContext log
INFOS: ContextListener: contextDestroyed()
mai 20, 2026 10:27:04 PM org.apache.catalina.core.ApplicationContext log
INFOS: SessionListener: contextDestroyed()
mai 20, 2026 10:27:04 PM org.apache.catalina.core.ApplicationContext log
INFOS: ContextListener: contextDestroyed()
mai 20, 2026 10:27:06 PM org.apache.catalina.core.ApplicationContext log
INFOS: org.apache.webapp.balancer.BalancerFilter: init(): ruleChain: [org.apache.webapp.balancer.RuleChain: [org.apache.webapp.balancer.rules.URLStringMatchRule: Target string: News / Redirect URL: http://www.cnn.com], [org.apache.webapp.balancer.rules.RequestParameterRule: Target param name: paramName / Target param value: paramValue / Redirect URL: http://www.yahoo.com], [org.apache.webapp.balancer.rules.AcceptEverythingRule: Redirect URL: http://jakarta.apache.org]]
mai 20, 2026 10:27:06 PM org.apache.catalina.core.ApplicationContext log
INFOS: ContextListener: contextInitialized()
mai 20, 2026 10:27:06 PM org.apache.catalina.core.ApplicationContext log
INFOS: SessionListener: contextInitialized()
mai 20, 2026 10:27:07 PM org.apache.catalina.core.ApplicationContext log
INFOS: ContextListener: contextInitialized()
mai 20, 2026 10:27:07 PM org.apache.catalina.core.ApplicationContext log
INFOS: SessionListener: contextInitialized()
mai 20, 2026 11:19:40 PM org.apache.catalina.core.ApplicationContext log
INFOS: SessionListener: contextDestroyed()
mai 20, 2026 11:19:40 PM org.apache.catalina.core.ApplicationContext log
INFOS: ContextListener: contextDestroyed()
mai 20, 2026 11:19:40 PM org.apache.catalina.core.ApplicationContext log
INFOS: SessionListener: contextDestroyed()
mai 20, 2026 11:19:40 PM org.apache.catalina.core.ApplicationContext log
INFOS: ContextListener: contextDestroyed()
mai 20, 2026 11:19:44 PM org.apache.catalina.core.ApplicationContext log
INFOS: org.apache.webapp.balancer.BalancerFilter: init(): ruleChain: [org.apache.webapp.balancer.RuleChain: [org.apache.webapp.balancer.rules.URLStringMatchRule: Target string: News / Redirect URL: http://www.cnn.com], [org.apache.webapp.balancer.rules.RequestParameterRule: Target param name: paramName / Target param value: paramValue / Redirect URL: http://www.yahoo.com], [org.apache.webapp.balancer.rules.AcceptEverythingRule: Redirect URL: http://jakarta.apache.org]]
mai 20, 2026 11:19:45 PM org.apache.catalina.core.ApplicationContext log
INFOS: ContextListener: contextInitialized()
mai 20, 2026 11:19:45 PM org.apache.catalina.core.ApplicationContext log
INFOS: SessionListener: contextInitialized()
mai 20, 2026 11:19:45 PM org.apache.catalina.core.ApplicationContext log
INFOS: ContextListener: contextInitialized()
mai 20, 2026 11:19:45 PM org.apache.catalina.core.ApplicationContext log
INFOS: SessionListener: contextInitialized()
mai 20, 2026 11:36:44 PM org.apache.catalina.core.ApplicationContext log
INFOS: SessionListener: contextDestroyed()
mai 20, 2026 11:36:44 PM org.apache.catalina.core.ApplicationContext log
INFOS: ContextListener: contextDestroyed()
mai 20, 2026 11:36:44 PM org.apache.catalina.core.ApplicationContext log
INFOS: SessionListener: contextDestroyed()
mai 20, 2026 11:36:44 PM org.apache.catalina.core.ApplicationContext log
INFOS: ContextListener: contextDestroyed()
mai 20, 2026 11:37:52 PM org.apache.catalina.core.ApplicationContext log
INFOS: org.apache.webapp.balancer.BalancerFilter: init(): ruleChain: [org.apache.webapp.balancer.RuleChain: [org.apache.webapp.balancer.rules.URLStringMatchRule: Target string: News / Redirect URL: http://www.cnn.com], [org.apache.webapp.balancer.rules.RequestParameterRule: Target param name: paramName / Target param value: paramValue / Redirect URL: http://www.yahoo.com], [org.apache.webapp.balancer.rules.AcceptEverythingRule: Redirect URL: http://jakarta.apache.org]]
mai 20, 2026 11:37:52 PM org.apache.catalina.core.ApplicationContext log
INFOS: ContextListener: contextInitialized()
mai 20, 2026 11:37:52 PM org.apache.catalina.core.ApplicationContext log
INFOS: SessionListener: contextInitialized()
mai 20, 2026 11:37:53 PM org.apache.catalina.core.ApplicationContext log
INFOS: ContextListener: contextInitialized()
mai 20, 2026 11:37:53 PM org.apache.catalina.core.ApplicationContext log
INFOS: SessionListener: contextInitialized()
mai 20, 2026 11:47:09 PM org.apache.catalina.core.ApplicationContext log
INFOS: SessionListener: contextDestroyed()
mai 20, 2026 11:47:09 PM org.apache.catalina.core.ApplicationContext log
INFOS: ContextListener: contextDestroyed()
mai 20, 2026 11:47:10 PM org.apache.catalina.core.ApplicationContext log
INFOS: SessionListener: contextDestroyed()
mai 20, 2026 11:47:10 PM org.apache.catalina.core.ApplicationContext log
INFOS: ContextListener: contextDestroyed()
mai 20, 2026 11:47:15 PM org.apache.catalina.core.ApplicationContext log
INFOS: org.apache.webapp.balancer.BalancerFilter: init(): ruleChain: [org.apache.webapp.balancer.RuleChain: [org.apache.webapp.balancer.rules.URLStringMatchRule: Target string: News / Redirect URL: http://www.cnn.com], [org.apache.webapp.balancer.rules.RequestParameterRule: Target param name: paramName / Target param value: paramValue / Redirect URL: http://www.yahoo.com], [org.apache.webapp.balancer.rules.AcceptEverythingRule: Redirect URL: http://jakarta.apache.org]]
mai 20, 2026 11:47:16 PM org.apache.catalina.core.ApplicationContext log
INFOS: ContextListener: contextInitialized()
mai 20, 2026 11:47:16 PM org.apache.catalina.core.ApplicationContext log
INFOS: SessionListener: contextInitialized()
mai 20, 2026 11:47:16 PM org.apache.catalina.core.ApplicationContext log
INFOS: ContextListener: contextInitialized()
mai 20, 2026 11:47:16 PM org.apache.catalina.core.ApplicationContext log
INFOS: SessionListener: contextInitialized()
mai 20, 2026 11:49:30 PM org.apache.catalina.core.ApplicationContext log
INFOS: SessionListener: contextDestroyed()
mai 20, 2026 11:49:30 PM org.apache.catalina.core.ApplicationContext log
INFOS: ContextListener: contextDestroyed()
mai 20, 2026 11:49:30 PM org.apache.catalina.core.ApplicationContext log
INFOS: SessionListener: contextDestroyed()
mai 20, 2026 11:49:30 PM org.apache.catalina.core.ApplicationContext log
INFOS: ContextListener: contextDestroyed()
mai 20, 2026 11:49:56 PM org.apache.catalina.core.ApplicationContext log
INFOS: org.apache.webapp.balancer.BalancerFilter: init(): ruleChain: [org.apache.webapp.balancer.RuleChain: [org.apache.webapp.balancer.rules.URLStringMatchRule: Target string: News / Redirect URL: http://www.cnn.com], [org.apache.webapp.balancer.rules.RequestParameterRule: Target param name: paramName / Target param value: paramValue / Redirect URL: http://www.yahoo.com], [org.apache.webapp.balancer.rules.AcceptEverythingRule: Redirect URL: http://jakarta.apache.org]]
mai 20, 2026 11:49:56 PM org.apache.catalina.core.ApplicationContext log
INFOS: ContextListener: contextInitialized()
mai 20, 2026 11:49:56 PM org.apache.catalina.core.ApplicationContext log
INFOS: SessionListener: contextInitialized()
mai 20, 2026 11:49:57 PM org.apache.catalina.core.ApplicationContext log
INFOS: ContextListener: contextInitialized()
mai 20, 2026 11:49:57 PM org.apache.catalina.core.ApplicationContext log
INFOS: SessionListener: contextInitialized()
