mai 21, 2026 12:06:26 AM org.apache.catalina.core.ApplicationContext log
INFOS: SessionListener: contextDestroyed()
mai 21, 2026 12:06:26 AM org.apache.catalina.core.ApplicationContext log
INFOS: ContextListener: contextDestroyed()
mai 21, 2026 12:06:26 AM org.apache.catalina.core.ApplicationContext log
INFOS: SessionListener: contextDestroyed()
mai 21, 2026 12:06:26 AM org.apache.catalina.core.ApplicationContext log
INFOS: ContextListener: contextDestroyed()
mai 21, 2026 12:06:31 AM org.apache.catalina.core.ApplicationContext log
INFOS: org.apache.webapp.balancer.BalancerFilter: init(): ruleChain: [org.apache.webapp.balancer.RuleChain: [org.apache.webapp.balancer.rules.URLStringMatchRule: Target string: News / Redirect URL: http://www.cnn.com], [org.apache.webapp.balancer.rules.RequestParameterRule: Target param name: paramName / Target param value: paramValue / Redirect URL: http://www.yahoo.com], [org.apache.webapp.balancer.rules.AcceptEverythingRule: Redirect URL: http://jakarta.apache.org]]
mai 21, 2026 12:06:31 AM org.apache.catalina.core.ApplicationContext log
INFOS: ContextListener: contextInitialized()
mai 21, 2026 12:06:31 AM org.apache.catalina.core.ApplicationContext log
INFOS: SessionListener: contextInitialized()
mai 21, 2026 12:06:31 AM org.apache.catalina.core.ApplicationContext log
INFOS: ContextListener: contextInitialized()
mai 21, 2026 12:06:31 AM org.apache.catalina.core.ApplicationContext log
INFOS: SessionListener: contextInitialized()
mai 21, 2026 7:21:39 AM org.apache.catalina.core.ApplicationContext log
INFOS: org.apache.webapp.balancer.BalancerFilter: init(): ruleChain: [org.apache.webapp.balancer.RuleChain: [org.apache.webapp.balancer.rules.URLStringMatchRule: Target string: News / Redirect URL: http://www.cnn.com], [org.apache.webapp.balancer.rules.RequestParameterRule: Target param name: paramName / Target param value: paramValue / Redirect URL: http://www.yahoo.com], [org.apache.webapp.balancer.rules.AcceptEverythingRule: Redirect URL: http://jakarta.apache.org]]
mai 21, 2026 7:21:40 AM org.apache.catalina.core.ApplicationContext log
INFOS: ContextListener: contextInitialized()
mai 21, 2026 7:21:40 AM org.apache.catalina.core.ApplicationContext log
INFOS: SessionListener: contextInitialized()
mai 21, 2026 7:21:40 AM org.apache.catalina.core.ApplicationContext log
INFOS: ContextListener: contextInitialized()
mai 21, 2026 7:21:40 AM org.apache.catalina.core.ApplicationContext log
INFOS: SessionListener: contextInitialized()
